-----------------------------------------------------------------------
      name:  <unnamed>
       log:  /Users/annajensen/Documents/LSE/Quantitative Applications 
> for Behavioural Science/Seminars/Seminar 3/Seminar3.log
  log type:  text
 opened on:  16 Oct 2024, 17:03:41

. 
. use Seminar2, clear

. 
. *Question 1*
. regress yearsexp education 

      Source |       SS           df       MS      Number of obs   =   
>   4,870
-------------+----------------------------------   F(1, 4868)      =   
>    0.69
       Model |   17.571765         1   17.571765   Prob > F        =   
>  0.4061
    Residual |  123889.259     4,868  25.4497245   R-squared       =   
>  0.0001
-------------+----------------------------------   Adj R-squared   =   
> -0.0001
       Total |  123906.831     4,869  25.4481065   Root MSE        =   
>  5.0448

-----------------------------------------------------------------------
> -------
    yearsexp | Coefficient  Std. err.      t    P>|t|     [95% conf. in
> terval]
-------------+---------------------------------------------------------
> -------
   education |   .0840201   .1011154     0.83   0.406    -.1142116    .
> 2822519
       _cons |   7.538891    .372957    20.21   0.000     6.807727    8
> .270055
-----------------------------------------------------------------------
> -------

. 
. /*The results show us, that we can not reject the null hypothesis tha
> t there
>  is no relationship between education and years of experience*/
.  
. *Question 2*
. tabulate education, generate(e)

      0=not |
  reported; |
     1=HSD; |
     2=HSG; |
3=some col; |
    4=col + |      Freq.     Percent        Cum.
------------+-----------------------------------
          0 |         46        0.94        0.94
          1 |         40        0.82        1.77
          2 |        274        5.63        7.39
          3 |      1,006       20.66       28.05
          4 |      3,504       71.95      100.00
------------+-----------------------------------
      Total |      4,870      100.00

. regress yearsexp e1 e2 e3 e4 e5
note: e1 omitted because of collinearity.

      Source |       SS           df       MS      Number of obs   =   
>   4,870
-------------+----------------------------------   F(4, 4865)      =   
>    8.68
       Model |  878.367103         4  219.591776   Prob > F        =   
>  0.0000
    Residual |  123028.463     4,865  25.2884817   R-squared       =   
>  0.0071
-------------+----------------------------------   Adj R-squared   =   
>  0.0063
       Total |  123906.831     4,869  25.4481065   Root MSE        =   
>  5.0288

-----------------------------------------------------------------------
> -------
    yearsexp | Coefficient  Std. err.      t    P>|t|     [95% conf. in
> terval]
-------------+---------------------------------------------------------
> -------
          e1 |          0  (omitted)
          e2 |   1.733696   1.087181     1.59   0.111    -.3976694    3
> .865061
          e3 |   3.980958   .8012761     4.97   0.000     2.410095    5
> .551821
          e4 |   3.791598   .7582132     5.00   0.000     2.305158    5
> .278039
          e5 |   3.377531    .746302     4.53   0.000     1.914442     
> 4.84062
       _cons |   4.391304    .741451     5.92   0.000     2.937725    5
> .844883
-----------------------------------------------------------------------
> -------

. 
. *Question 3*
. /*The alternative hypothesis is that there is an effect of having a c
> ollege 
> degree on years of experience*/
. 
. regress yearsexp e5

      Source |       SS           df       MS      Number of obs   =   
>   4,870
-------------+----------------------------------   F(1, 4868)      =   
>    2.69
       Model |  68.5561766         1  68.5561766   Prob > F        =   
>  0.1007
    Residual |  123838.274     4,868  25.4392511   R-squared       =   
>  0.0006
-------------+----------------------------------   Adj R-squared   =   
>  0.0003
       Total |  123906.831     4,869  25.4481065   Root MSE        =   
>  5.0437

-----------------------------------------------------------------------
> -------
    yearsexp | Coefficient  Std. err.      t    P>|t|     [95% conf. in
> terval]
-------------+---------------------------------------------------------
> -------
          e5 |  -.2641073   .1608827    -1.64   0.101    -.5795099    .
> 0512954
       _cons |   8.032943   .1364667    58.86   0.000     7.765406    8
> .300479
-----------------------------------------------------------------------
> -------

. 
. /*a: there is a negative relationship between years of experience
> and having a college degree, however, the relationship is not signifi
> cant. 
> b: we do not reject the null hypothesis, as the t-statistic is not st
> atistically
> significant, which is indicated by the p-value. Additionally, 0 lies 
> within 
> the bounds of the confidence interval, and we can therefore, not be s
> ure that 
> the true value is not 0. 
> c: 8.032943
> d: 7.7688357 */
. 
. *Bonus question*
. 
. 
. *Question 4*
. 
. *Question 5*
. 
. log close
      name:  <unnamed>
       log:  /Users/annajensen/Documents/LSE/Quantitative Applications 
> for Behavioural Science/Seminars/Seminar 3/Seminar3.log
  log type:  text
 closed on:  16 Oct 2024, 17:03:41
-----------------------------------------------------------------------
